==== launch 2026-06-15 02:31:00 host=hedgehog ====
[NbConvertApp] Converting notebook ベースライン実験３LGBM_seed固定.ipynb to notebook
/home/hasegawakazuki/anaconda3/lib/python3.11/site-packages/nbformat/__init__.py:93: MissingIDFieldWarning: Code cell is missing an id field, this will become a hard error in future nbformat versions. You may want to use `normalize()` on your notebooks before validations (available since nbformat 5.1.4). Previous versions of nbformat are fixing this issue transparently, and will stop doing so in the future.
  validate(nb)
0.00s - Debugger warning: It seems that frozen modules are being used, which may
0.00s - make the debugger miss breakpoints. Please pass -Xfrozen_modules=off
0.00s - to python to disable frozen modules.
0.00s - Note: Debugging will proceed. Set PYDEVD_DISABLE_FILE_VALIDATION=1 to disable this validation.
Traceback (most recent call last):
  File "/home/hasegawakazuki/anaconda3/bin/jupyter-nbconvert", line 11, in <module>
    sys.exit(main())
             ^^^^^^
  File "/home/hasegawakazuki/anaconda3/lib/python3.11/site-packages/jupyter_core/application.py", line 280, in launch_instance
    super().launch_instance(argv=argv, **kwargs)
  File "/home/hasegawakazuki/anaconda3/lib/python3.11/site-packages/traitlets/config/application.py", line 992, in launch_instance
    app.start()
  File "/home/hasegawakazuki/anaconda3/lib/python3.11/site-packages/nbconvert/nbconvertapp.py", line 412, in start
    self.convert_notebooks()
  File "/home/hasegawakazuki/anaconda3/lib/python3.11/site-packages/nbconvert/nbconvertapp.py", line 590, in convert_notebooks
    self.convert_single_notebook(notebook_filename)
  File "/home/hasegawakazuki/anaconda3/lib/python3.11/site-packages/nbconvert/nbconvertapp.py", line 556, in convert_single_notebook
    output, resources = self.export_single_notebook(
                        ^^^^^^^^^^^^^^^^^^^^^^^^^^^^
  File "/home/hasegawakazuki/anaconda3/lib/python3.11/site-packages/nbconvert/nbconvertapp.py", line 479, in export_single_notebook
    output, resources = self.exporter.from_filename(
                        ^^^^^^^^^^^^^^^^^^^^^^^^^^^^
  File "/home/hasegawakazuki/anaconda3/lib/python3.11/site-packages/nbconvert/exporters/exporter.py", line 203, in from_filename
    return self.from_file(f, resources=resources, **kw)
           ^^^^^^^^^^^^^^^^^^^^^^^^^^^^^^^^^^^^^^^^^^^^
  File "/home/hasegawakazuki/anaconda3/lib/python3.11/site-packages/nbconvert/exporters/exporter.py", line 222, in from_file
    return self.from_notebook_node(
           ^^^^^^^^^^^^^^^^^^^^^^^^
  File "/home/hasegawakazuki/anaconda3/lib/python3.11/site-packages/nbconvert/exporters/notebook.py", line 36, in from_notebook_node
    nb_copy, resources = super().from_notebook_node(nb, resources, **kw)
                         ^^^^^^^^^^^^^^^^^^^^^^^^^^^^^^^^^^^^^^^^^^^^^^^
  File "/home/hasegawakazuki/anaconda3/lib/python3.11/site-packages/nbconvert/exporters/exporter.py", line 156, in from_notebook_node
    nb_copy, resources = self._preprocess(nb_copy, resources)
                         ^^^^^^^^^^^^^^^^^^^^^^^^^^^^^^^^^^^^
  File "/home/hasegawakazuki/anaconda3/lib/python3.11/site-packages/nbconvert/exporters/exporter.py", line 354, in _preprocess
    nbc, resc = preprocessor(nbc, resc)  # type:ignore[operator]
                ^^^^^^^^^^^^^^^^^^^^^^^
  File "/home/hasegawakazuki/anaconda3/lib/python3.11/site-packages/nbconvert/preprocessors/base.py", line 48, in __call__
    return self.preprocess(nb, resources)
           ^^^^^^^^^^^^^^^^^^^^^^^^^^^^^^
  File "/home/hasegawakazuki/anaconda3/lib/python3.11/site-packages/nbconvert/preprocessors/execute.py", line 102, in preprocess
    self.preprocess_cell(cell, resources, index)
  File "/home/hasegawakazuki/anaconda3/lib/python3.11/site-packages/nbconvert/preprocessors/execute.py", line 123, in preprocess_cell
    cell = self.execute_cell(cell, index, store_history=True)
           ^^^^^^^^^^^^^^^^^^^^^^^^^^^^^^^^^^^^^^^^^^^^^^^^^^
  File "/home/hasegawakazuki/anaconda3/lib/python3.11/site-packages/jupyter_core/utils/__init__.py", line 173, in wrapped
    return loop.run_until_complete(inner)
           ^^^^^^^^^^^^^^^^^^^^^^^^^^^^^^
  File "/home/hasegawakazuki/anaconda3/lib/python3.11/asyncio/base_events.py", line 653, in run_until_complete
    return future.result()
           ^^^^^^^^^^^^^^^
  File "/home/hasegawakazuki/anaconda3/lib/python3.11/site-packages/nbclient/client.py", line 1058, in async_execute_cell
    await self._check_raise_for_error(cell, cell_index, exec_reply)
  File "/home/hasegawakazuki/anaconda3/lib/python3.11/site-packages/nbclient/client.py", line 914, in _check_raise_for_error
    raise CellExecutionError.from_cell_and_msg(cell, exec_reply_content)
nbclient.exceptions.CellExecutionError: An error occurred while executing the following cell:
------------------
# ===== 再現性: 乱数シード固定 =====
import random as _random_mod
import numpy as _np_mod
SEED = 42
_random_mod.seed(SEED)
_np_mod.seed(SEED)
try:
    import torch as _torch_mod
    _torch_mod.manual_seed(SEED)
except Exception:
    pass

# モデル保存ディレクトリ
MODEL_DIR = "optuna_models"
os.makedirs(MODEL_DIR, exist_ok=True)

# ==========================================================
# 1. 評価指標計算のヘルパー
# ==========================================================
def evaluate_binary_classifier(y_true, y_prob, threshold=0.5):
    """
    y_prob : positiveクラス (1) の予測確率ベクトル
    threshold 以上を positive とみなして評価
    """
    y_true = np.asarray(y_true)
    y_prob = np.asarray(y_prob)

    y_pred = (y_prob >= threshold).astype(int)

    acc = accuracy_score(y_true, y_pred)
    f1 = f1_score(y_true, y_pred)

    # AUCは片側クラスしかない場合にエラーになるのでガード
    try:
        auc = roc_auc_score(y_true, y_prob)
    except ValueError:
        auc = np.nan

    try:
        prauc = average_precision_score(y_true, y_prob)
    except ValueError:
        prauc = np.nan

    positive_rate = y_pred.mean()           # 予測ラベル=1の割合
    mean_score = y_prob.mean()              # 予測確率の平均

    metrics = {
        "auc": auc,
        "acc": acc,
        "f1": f1,
        "positive_rate": positive_rate,
        "mean_score": mean_score,
        "prauc": prauc,
    }
    return metrics
------------------


[0;31m---------------------------------------------------------------------------[0m
[0;31mAttributeError[0m                            Traceback (most recent call last)
Cell [0;32mIn[17], line 6[0m
[1;32m      4[0m SEED [38;5;241m=[39m [38;5;241m42[39m
[1;32m      5[0m _random_mod[38;5;241m.[39mseed(SEED)
[0;32m----> 6[0m _np_mod[38;5;241m.[39mseed(SEED)
[1;32m      7[0m [38;5;28;01mtry[39;00m:
[1;32m      8[0m     [38;5;28;01mimport[39;00m [38;5;21;01mtorch[39;00m [38;5;28;01mas[39;00m [38;5;21;01m_torch_mod[39;00m

File [0;32m~/anaconda3/lib/python3.11/site-packages/numpy/__init__.py:414[0m, in [0;36m__getattr__[0;34m(attr)[0m
[1;32m    411[0m     [38;5;28;01mimport[39;00m [38;5;21;01mnumpy[39;00m[38;5;21;01m.[39;00m[38;5;21;01mchar[39;00m [38;5;28;01mas[39;00m [38;5;21;01mchar[39;00m
[1;32m    412[0m     [38;5;28;01mreturn[39;00m char[38;5;241m.[39mchararray
[0;32m--> 414[0m [38;5;28;01mraise[39;00m [38;5;167;01mAttributeError[39;00m([38;5;124m"[39m[38;5;124mmodule [39m[38;5;132;01m{!r}[39;00m[38;5;124m has no attribute [39m[38;5;124m"[39m
[1;32m    415[0m                      [38;5;124m"[39m[38;5;132;01m{!r}[39;00m[38;5;124m"[39m[38;5;241m.[39mformat([38;5;18m__name__[39m, attr))

[0;31mAttributeError[0m: module 'numpy' has no attribute 'seed'

